<?xml version="1.0" encoding="UTF-8"?>
<robot generator="Robot 7.0 (Python 3.12.2 on win32)" generated="2024-04-02T16:26:10.949725" rpa="false" schemaversion="5">
<suite id="s1" name="Amazon Testes.Gherkin.Bdd" source="C:\curso udemy\robotframework\webtesting\amazon_testes.gherkin.bdd.robot">
<test id="s1-t1" name="Caso de teste 01 - Acesso ao menu &quot;Eletrônicos&quot;" line="7">
<kw name="Abrir o navegador" owner="amazon_resources" type="SETUP">
<kw name="Open Browser" owner="SeleniumLibrary">
<msg time="2024-04-02T16:26:11.118320" level="INFO">Opening browser 'chrome' to base url 'None'.</msg>
<arg>browser=${BROWSER}</arg>
<doc>Opens a new browser instance to the optional ``url``.</doc>
<status status="PASS" start="2024-04-02T16:26:11.118320" elapsed="1.891030"/>
</kw>
<kw name="Maximize Browser Window" owner="SeleniumLibrary">
<doc>Maximizes current browser window.</doc>
<status status="PASS" start="2024-04-02T16:26:13.009350" elapsed="0.125177"/>
</kw>
<status status="PASS" start="2024-04-02T16:26:11.116831" elapsed="2.017696"/>
</kw>
<kw name="Dado que estou na home page da Amazon.com.br" owner="amazon_resources">
<kw name="Acessar a home page do site Amazon.com.br" owner="amazon_resources">
<kw name="Go To" owner="SeleniumLibrary">
<msg time="2024-04-02T16:26:13.135553" level="INFO">Opening url 'http://www.amazon.com.br'</msg>
<arg>url=${URL}</arg>
<doc>Navigates the current browser window to the provided ``url``.</doc>
<status status="PASS" start="2024-04-02T16:26:13.135553" elapsed="1.541668"/>
</kw>
<kw name="Wait Until Element Is Visible" owner="SeleniumLibrary">
<arg>locator=${MENU_LIVROS}</arg>
<doc>Waits until the element ``locator`` is visible.</doc>
<status status="PASS" start="2024-04-02T16:26:14.677221" elapsed="0.075390"/>
</kw>
<status status="PASS" start="2024-04-02T16:26:13.135553" elapsed="1.617058"/>
</kw>
<status status="PASS" start="2024-04-02T16:26:13.135553" elapsed="1.617058"/>
</kw>
<kw name="Quando acessar o menu &quot;Livros&quot;" owner="amazon_resources">
<kw name="Entrar no menu &quot;Livros&quot;" owner="amazon_resources">
<kw name="Click Element" owner="SeleniumLibrary">
<msg time="2024-04-02T16:26:14.754644" level="INFO">Clicking element '//a[@href='/Livros/b/?ie=UTF8&amp;node=6740748011&amp;ref_=nav_cs_books'][contains(.,'Livros')]'.</msg>
<arg>locator=${MENU_LIVROS}</arg>
<doc>Click the element identified by ``locator``.</doc>
<status status="PASS" start="2024-04-02T16:26:14.754644" elapsed="2.149406"/>
</kw>
<status status="PASS" start="2024-04-02T16:26:14.753633" elapsed="2.150417"/>
</kw>
<status status="PASS" start="2024-04-02T16:26:14.753633" elapsed="2.150417"/>
</kw>
<kw name="E o &quot;Loja de Livros&quot; deve ser exibido na página" owner="amazon_resources">
<kw name="Verificar se aparece a frase &quot;Loja de Livros&quot;" owner="amazon_resources" source_name="Verificar se aparece a frase &quot;${TEXTO_LIVROS}&quot;">
<kw name="Wait Until Page Contains" owner="SeleniumLibrary">
<arg>text=${TEXTO_LIVROS}</arg>
<doc>Waits until ``text`` appears on the current page.</doc>
<status status="PASS" start="2024-04-02T16:26:16.904965" elapsed="0.038763"/>
</kw>
<kw name="Wait Until Element Is Visible" owner="SeleniumLibrary">
<arg>locator=${HEADER_LIVROS}</arg>
<doc>Waits until the element ``locator`` is visible.</doc>
<status status="PASS" start="2024-04-02T16:26:16.944244" elapsed="0.060301"/>
</kw>
<status status="PASS" start="2024-04-02T16:26:16.904965" elapsed="0.099580"/>
</kw>
<status status="PASS" start="2024-04-02T16:26:16.904418" elapsed="0.100127"/>
</kw>
<kw name="E a categoria &quot;Indicações Amazon&quot; deve ser exibida na página" owner="amazon_resources">
<kw name="Verificar se aparece a categoria &quot;Indicações Amazon&quot;" owner="amazon_resources" source_name="Verificar se aparece a categoria &quot;${NOME_CATEGORIA}&quot;">
<kw name="Click Element" owner="SeleniumLibrary">
<msg time="2024-04-02T16:26:17.006562" level="INFO">Clicking element '//a[contains(.,'Indicações Amazon')]'.</msg>
<arg>locator=//a[contains(.,'${NOME_CATEGORIA}')]</arg>
<doc>Click the element identified by ``locator``.</doc>
<status status="PASS" start="2024-04-02T16:26:17.005554" elapsed="1.176927"/>
</kw>
<kw name="Wait Until Element Is Visible" owner="SeleniumLibrary">
<arg>locator=${HEADER_INDICACOES_MES}</arg>
<doc>Waits until the element ``locator`` is visible.</doc>
<status status="PASS" start="2024-04-02T16:26:18.182481" elapsed="0.021315"/>
</kw>
<status status="PASS" start="2024-04-02T16:26:17.005554" elapsed="1.198242"/>
</kw>
<status status="PASS" start="2024-04-02T16:26:17.005554" elapsed="1.198242"/>
</kw>
<doc>Este teste verifica o menu livros do site da amazon
e verifica a categoria livros em oferta</doc>
<tag>categorias</tag>
<tag>livros</tag>
<status status="PASS" start="2024-04-02T16:26:11.115830" elapsed="7.087966"/>
</test>
<test id="s1-t2" name="Caso de teste 02 - Pesquisa de um Produto" line="17">
<kw name="Abrir o navegador" owner="amazon_resources" type="SETUP">
<kw name="Open Browser" owner="SeleniumLibrary">
<msg time="2024-04-02T16:26:18.205793" level="INFO">Opening browser 'chrome' to base url 'None'.</msg>
<arg>browser=${BROWSER}</arg>
<doc>Opens a new browser instance to the optional ``url``.</doc>
<status status="PASS" start="2024-04-02T16:26:18.205793" elapsed="1.770963"/>
</kw>
<kw name="Maximize Browser Window" owner="SeleniumLibrary">
<doc>Maximizes current browser window.</doc>
<status status="PASS" start="2024-04-02T16:26:19.976756" elapsed="0.156158"/>
</kw>
<status status="PASS" start="2024-04-02T16:26:18.205793" elapsed="1.927121"/>
</kw>
<kw name="Dado que estou na home page da Amazon.com.br" owner="amazon_resources">
<kw name="Acessar a home page do site Amazon.com.br" owner="amazon_resources">
<kw name="Go To" owner="SeleniumLibrary">
<msg time="2024-04-02T16:26:20.134962" level="INFO">Opening url 'http://www.amazon.com.br'</msg>
<arg>url=${URL}</arg>
<doc>Navigates the current browser window to the provided ``url``.</doc>
<status status="PASS" start="2024-04-02T16:26:20.134962" elapsed="1.346532"/>
</kw>
<kw name="Wait Until Element Is Visible" owner="SeleniumLibrary">
<arg>locator=${MENU_LIVROS}</arg>
<doc>Waits until the element ``locator`` is visible.</doc>
<status status="PASS" start="2024-04-02T16:26:21.481494" elapsed="0.541022"/>
</kw>
<status status="PASS" start="2024-04-02T16:26:20.134962" elapsed="1.887554"/>
</kw>
<status status="PASS" start="2024-04-02T16:26:20.133908" elapsed="1.888608"/>
</kw>
<kw name="Quando pesquisar pelo produto &quot;Xbox Series S&quot;" owner="amazon_resources">
<kw name="Digitar o nome de produto &quot;Xbox Series S&quot; no campo de pesquisa" owner="amazon_resources" source_name="Digitar o nome de produto &quot;${TEXTO_XBOX}&quot; no campo de pesquisa">
<kw name="Input Text" owner="SeleniumLibrary">
<msg time="2024-04-02T16:26:22.023517" level="INFO">Typing text 'Xbox Series S' into text field '//input[contains(@type,'text')]'.</msg>
<arg>locator=${INPUT_PESQUISA}</arg>
<arg>text=${TEXTO_XBOX}</arg>
<doc>Types the given ``text`` into the text field identified by ``locator``.</doc>
<status status="PASS" start="2024-04-02T16:26:22.023517" elapsed="0.216045"/>
</kw>
<status status="PASS" start="2024-04-02T16:26:22.023517" elapsed="0.216045"/>
</kw>
<status status="PASS" start="2024-04-02T16:26:22.023517" elapsed="0.216045"/>
</kw>
<kw name="E um produto da linha &quot;Xbox Series S&quot; deve ser mostrado na página" owner="amazon_resources">
<kw name="Clicar no botão de pesquisa" owner="amazon_resources">
<kw name="Click Button" owner="SeleniumLibrary">
<msg time="2024-04-02T16:26:22.240571" level="INFO">Clicking button '//input[contains(@type,'submit')]'.</msg>
<arg>locator=${BOTAO_PESQUISA}</arg>
<doc>Clicks the button identified by ``locator``.</doc>
<status status="PASS" start="2024-04-02T16:26:22.240571" elapsed="3.086492"/>
</kw>
<status status="PASS" start="2024-04-02T16:26:22.240571" elapsed="3.086492"/>
</kw>
<status status="PASS" start="2024-04-02T16:26:22.240571" elapsed="3.086492"/>
</kw>
<kw name="Depois clicar no produto que aparecer" owner="amazon_resources">
<kw name="Clicar no produto pesquisado" owner="amazon_resources">
<kw name="Click Element" owner="SeleniumLibrary">
<msg time="2024-04-02T16:26:25.329522" level="INFO">Clicking element '//span[@class='a-size-base-plus a-color-base a-text-normal'][contains(.,'Console Xbox Series S')]'.</msg>
<arg>locator=${XBOX}</arg>
<doc>Click the element identified by ``locator``.</doc>
<status status="PASS" start="2024-04-02T16:26:25.329522" elapsed="6.632194"/>
</kw>
<status status="PASS" start="2024-04-02T16:26:25.329522" elapsed="6.632194"/>
</kw>
<status status="PASS" start="2024-04-02T16:26:25.328507" elapsed="6.633209"/>
</kw>
<doc>Este teste pesquisa xbox Series na amazon</doc>
<tag>busca_produto</tag>
<status status="PASS" start="2024-04-02T16:26:18.204795" elapsed="13.758159"/>
</test>
<doc>Essa suite testa o site da amazon.com.br</doc>
<status status="PASS" start="2024-04-02T16:26:10.951727" elapsed="21.012286"/>
</suite>
<statistics>
<total>
<stat pass="2" fail="0" skip="0">All Tests</stat>
</total>
<tag>
<stat pass="1" fail="0" skip="0">busca_produto</stat>
<stat pass="1" fail="0" skip="0">categorias</stat>
<stat pass="1" fail="0" skip="0">livros</stat>
</tag>
<suite>
<stat pass="2" fail="0" skip="0" id="s1" name="Amazon Testes.Gherkin.Bdd">Amazon Testes.Gherkin.Bdd</stat>
</suite>
</statistics>
<errors>
</errors>
</robot>
